<?xml version="1.0" encoding="UTF-8"?>
<testsuite xmlns:xsi="http://www.w3.org/2001/XMLSchema-instance" xsi:noNamespaceSchemaLocation="https://maven.apache.org/surefire/maven-surefire-plugin/xsd/surefire-test-report.xsd" name="com.JRCon.AppTest" time="0.814" tests="1" errors="0" skipped="0" failures="0">
  <properties>
    <property name="sun.desktop" value="windows"/>
    <property name="awt.toolkit" value="sun.awt.windows.WToolkit"/>
    <property name="java.specification.version" value="12"/>
    <property name="sun.cpu.isalist" value="amd64"/>
    <property name="sun.jnu.encoding" value="Cp1252"/>
    <property name="java.class.path" value="D:\JRemoteControl\JRemoteControl\target\test-classes;D:\JRemoteControl\JRemoteControl\target\classes;C:\Users\aitor\.m2\repository\junit\junit\4.11\junit-4.11.jar;C:\Users\aitor\.m2\repository\org\hamcrest\hamcrest-core\1.3\hamcrest-core-1.3.jar;"/>
    <property name="java.vm.vendor" value="Oracle Corporation"/>
    <property name="sun.arch.data.model" value="64"/>
    <property name="user.variant" value=""/>
    <property name="java.vendor.url" value="https://openjdk.java.net/"/>
    <property name="user.timezone" value="Europe/Madrid"/>
    <property name="os.name" value="Windows 10"/>
    <property name="java.vm.specification.version" value="12"/>
    <property name="sun.java.launcher" value="SUN_STANDARD"/>
    <property name="user.country" value="ES"/>
    <property name="sun.boot.library.path" value="C:\Users\aitor\AppData\Roaming\Java_RedHat\bin"/>
    <property name="sun.java.command" value="C:\Users\aitor\AppData\Local\Temp\surefire5051411363893892278\surefirebooter10734632273907598943.jar C:\Users\aitor\AppData\Local\Temp\surefire5051411363893892278 2020-01-21T13-05-56_431-jvmRun1 surefire8380294874096482927tmp surefire_015870832922601527990tmp"/>
    <property name="jdk.debug" value="release"/>
    <property name="surefire.test.class.path" value="D:\JRemoteControl\JRemoteControl\target\test-classes;D:\JRemoteControl\JRemoteControl\target\classes;C:\Users\aitor\.m2\repository\junit\junit\4.11\junit-4.11.jar;C:\Users\aitor\.m2\repository\org\hamcrest\hamcrest-core\1.3\hamcrest-core-1.3.jar;"/>
    <property name="sun.cpu.endian" value="little"/>
    <property name="user.home" value="C:\Users\aitor"/>
    <property name="user.language" value="es"/>
    <property name="java.specification.vendor" value="Oracle Corporation"/>
    <property name="java.version.date" value="2019-07-16"/>
    <property name="java.home" value="C:\Users\aitor\AppData\Roaming\Java_RedHat"/>
    <property name="file.separator" value="\"/>
    <property name="basedir" value="D:\JRemoteControl\JRemoteControl"/>
    <property name="java.vm.compressedOopsMode" value="32-bit"/>
    <property name="line.separator" value="&#10;"/>
    <property name="java.vm.specification.vendor" value="Oracle Corporation"/>
    <property name="java.specification.name" value="Java Platform API Specification"/>
    <property name="java.awt.graphicsenv" value="sun.awt.Win32GraphicsEnvironment"/>
    <property name="surefire.real.class.path" value="C:\Users\aitor\AppData\Local\Temp\surefire5051411363893892278\surefirebooter10734632273907598943.jar"/>
    <property name="user.script" value=""/>
    <property name="sun.management.compiler" value="HotSpot 64-Bit Tiered Compilers"/>
    <property name="java.runtime.version" value="12.0.2-redhat+9"/>
    <property name="user.name" value="aitor"/>
    <property name="path.separator" value=";"/>
    <property name="os.version" value="10.0"/>
    <property name="java.runtime.name" value="OpenJDK Runtime Environment"/>
    <property name="file.encoding" value="Cp1252"/>
    <property name="java.vm.name" value="OpenJDK 64-Bit Server VM"/>
    <property name="java.vendor.version" value="19.3"/>
    <property name="localRepository" value="C:\Users\aitor\.m2\repository"/>
    <property name="java.vendor.url.bug" value="https://bugreport.java.com/bugreport/"/>
    <property name="java.io.tmpdir" value="C:\Users\aitor\AppData\Local\Temp\"/>
    <property name="java.version" value="12.0.2-redhat"/>
    <property name="user.dir" value="D:\JRemoteControl\JRemoteControl"/>
    <property name="os.arch" value="amd64"/>
    <property name="java.vm.specification.name" value="Java Virtual Machine Specification"/>
    <property name="sun.os.patch.level" value=""/>
    <property name="java.library.path" value="C:\Users\aitor\AppData\Roaming\Java_RedHat\bin;C:\WINDOWS\Sun\Java\bin;C:\WINDOWS\system32;C:\WINDOWS;C:\Python27\;C:\Python27\Scripts;C:\Program Files (x86)\Common Files\Oracle\Java\javapath;C:\Program Files (x86)\Intel\iCLS Client\;C:\Program Files\Intel\iCLS Client\;C:\WINDOWS\system32;C:\WINDOWS;C:\WINDOWS\System32\Wbem;C:\WINDOWS\System32\WindowsPowerShell\v1.0\;C:\Program Files (x86)\Intel\Intel(R) Management Engine Components\DAL;C:\Program Files\Intel\Intel(R) Management Engine Components\DAL;C:\Program Files (x86)\Intel\Intel(R) Management Engine Components\IPT;C:\Program Files\Intel\Intel(R) Management Engine Components\IPT;C:\Program Files\Intel\WiFi\bin\;C:\Program Files\Common Files\Intel\WirelessCommon\;C:\WINDOWS\System32\OpenSSH\;C:\Program Files\Tesseract-OCR;C:\Users\aitor\AppData\Roaming\apache-maven-3.6.1\bin;C:\Users\aitor\AppData\Roaming\Java_RedHat\bin;C:\ProgramData\chocolatey\bin;C:\Program Files (x86)\Launch4j;C:\Program Files\dotnet\;C:\Program Files\nodejs\;C:\Program Files\Git\cmd;C:\Program Files\MySQL\MySQL Shell 8.0\bin\;C:\Users\aitor\AppData\Local\Programs\Python\Python37-32\Scripts\;C:\Users\aitor\AppData\Local\Programs\Python\Python37-32\;C:\Users\aitor\AppData\Local\Microsoft\WindowsApps;C:\Users\aitor\AppData\Local\Programs\Microsoft VS Code\bin;C:\Users\aitor\AppData\Roaming\Java;C:\Users\aitor\AppData\Roaming\Java\bin;C:\Users\aitor\AppData\Roaming\ffmpeg-20190711-2601eef-win64-static\bin;C:\Program Files (x86)\Nmap;C:\Users\aitor\AppData\Local\atom\bin;C:\Users\aitor\AppData\Local\GitHubDesktop\bin;C:\Users\aitor\AppData\Roaming\npm;C:\Users\aitor\.dotnet\tools;."/>
    <property name="java.vm.info" value="mixed mode, sharing"/>
    <property name="java.vendor" value="N/A"/>
    <property name="java.vm.version" value="12.0.2-redhat+9"/>
    <property name="sun.io.unicode.encoding" value="UnicodeLittle"/>
    <property name="java.class.version" value="56.0"/>
  </properties>
  <testcase name="shouldAnswerWithTrue" classname="com.JRCon.AppTest" time="0.002"/>
</testsuite>